[ 2020-03-11T00:03:25+08:00 ] 58.247.212.98 /
INFO: [ app_init ] --START--
INFO: Run Behavior\BuildLiteBehavior [ RunTime:0.000000s ]
INFO: [ app_init ] --END-- [ RunTime:0.000976s ]
INFO: [ app_begin ] --START--
INFO: Run Behavior\ReadHtmlCacheBehavior [ RunTime:0.001953s ]
INFO: [ app_begin ] --END-- [ RunTime:0.001953s ]

[ 2020-03-11T00:18:24+08:00 ] 223.104.47.217 /?from=groupmessage
INFO: [ app_init ] --START--
INFO: Run Behavior\BuildLiteBehavior [ RunTime:0.000000s ]
INFO: [ app_init ] --END-- [ RunTime:0.000976s ]
INFO: [ app_begin ] --START--
INFO: Run Behavior\ReadHtmlCacheBehavior [ RunTime:0.001953s ]
INFO: [ app_begin ] --END-- [ RunTime:0.001953s ]

[ 2020-03-11T00:18:25+08:00 ] 223.104.47.217 /mobile/index.html
INFO: [ app_init ] --START--
INFO: Run Behavior\BuildLiteBehavior [ RunTime:0.000000s ]
INFO: [ app_init ] --END-- [ RunTime:0.000976s ]
INFO: [ app_begin ] --START--
INFO: Run Behavior\ReadHtmlCacheBehavior [ RunTime:0.001953s ]
INFO: [ app_begin ] --END-- [ RunTime:0.001953s ]
SQL: SHOW COLUMNS FROM `info` [ RunTime:0.0039s ]
SQL: SELECT * FROM `info` WHERE `id` = 1 ORDER BY id asc LIMIT 1   [ RunTime:0.0010s ]
SQL: SHOW COLUMNS FROM `item` [ RunTime:0.0029s ]
SQL: SELECT * FROM `item` WHERE ( clock='0' ) ORDER BY sort asc  [ RunTime:0.0010s ]
SQL: SELECT * FROM `info` ORDER BY id asc LIMIT 1   [ RunTime:0.0000s ]
INFO: [ view_parse ] --START--
INFO: [ template_filter ] --START--
INFO: Run Behavior\ContentReplaceBehavior [ RunTime:0.000000s ]
INFO: [ template_filter ] --END-- [ RunTime:0.000000s ]
NOTIC: [8] Undefined index: uid D:\www\z200218\App\Common\Common\user.php 第 74 行.
SQL: SHOW COLUMNS FROM `user` [ RunTime:0.0029s ]
SQL: SELECT * FROM `user` WHERE ( id = '' ) ORDER BY id asc LIMIT 1   [ RunTime:0.0010s ]
SQL: SELECT * FROM `info` ORDER BY id asc LIMIT 1   [ RunTime:0.0000s ]
SQL: SHOW COLUMNS FROM `slide` [ RunTime:0.0039s ]
SQL: SELECT * FROM `slide` WHERE ( type=2 AND `show`=1 ) ORDER BY sort asc  [ RunTime:0.0010s ]
NOTIC: [8] Undefined variable: t D:\www\z200218\App\Runtime\Cache\Index\e55bde5ce39913dcc11947949be6ccc0.php 第 103 行.
SQL: SELECT * FROM `info` ORDER BY id asc LIMIT 1   [ RunTime:0.0000s ]
SQL: SELECT * FROM `info` ORDER BY id asc LIMIT 1   [ RunTime:0.0010s ]
NOTIC: [8] Undefined variable: project_class D:\www\z200218\App\Runtime\Cache\Index\e55bde5ce39913dcc11947949be6ccc0.php 第 126 行.
SQL: SELECT * FROM `item` WHERE ( id='119' ) ORDER BY id asc LIMIT 1   [ RunTime:0.0010s ]
SQL: SHOW COLUMNS FROM `invest` [ RunTime:0.0020s ]
SQL: SELECT * FROM `invest` WHERE ( pid='119' ) ORDER BY id asc  [ RunTime:0.0098s ]
SQL: SELECT * FROM `item` WHERE ( id='119' ) ORDER BY id asc LIMIT 1   [ RunTime:0.0000s ]
SQL: SELECT * FROM `invest` WHERE ( pid='119' ) ORDER BY id asc  [ RunTime:0.0068s ]
SQL: SELECT * FROM `item` WHERE ( id='120' ) ORDER BY id asc LIMIT 1   [ RunTime:0.0010s ]
SQL: SELECT * FROM `invest` WHERE ( pid='120' ) ORDER BY id asc  [ RunTime:0.0010s ]
SQL: SELECT * FROM `item` WHERE ( id='120' ) ORDER BY id asc LIMIT 1   [ RunTime:0.0000s ]
SQL: SELECT * FROM `invest` WHERE ( pid='120' ) ORDER BY id asc  [ RunTime:0.0020s ]
SQL: SELECT * FROM `item` WHERE ( id='121' ) ORDER BY id asc LIMIT 1   [ RunTime:0.0000s ]
SQL: SELECT * FROM `invest` WHERE ( pid='121' ) ORDER BY id asc  [ RunTime:0.0010s ]
SQL: SELECT * FROM `item` WHERE ( id='121' ) ORDER BY id asc LIMIT 1   [ RunTime:0.0000s ]
SQL: SELECT * FROM `invest` WHERE ( pid='121' ) ORDER BY id asc  [ RunTime:0.0010s ]
SQL: SELECT * FROM `item` WHERE ( id='122' ) ORDER BY id asc LIMIT 1   [ RunTime:0.0010s ]
SQL: SELECT * FROM `invest` WHERE ( pid='122' ) ORDER BY id asc  [ RunTime:0.0010s ]
SQL: SELECT * FROM `item` WHERE ( id='122' ) ORDER BY id asc LIMIT 1   [ RunTime:0.0010s ]
SQL: SELECT * FROM `invest` WHERE ( pid='122' ) ORDER BY id asc  [ RunTime:0.0010s ]
SQL: SELECT * FROM `item` WHERE ( id='123' ) ORDER BY id asc LIMIT 1   [ RunTime:0.0010s ]
SQL: SELECT * FROM `invest` WHERE ( pid='123' ) ORDER BY id asc  [ RunTime:0.0010s ]
SQL: SELECT * FROM `item` WHERE ( id='123' ) ORDER BY id asc LIMIT 1   [ RunTime:0.0000s ]
SQL: SELECT * FROM `invest` WHERE ( pid='123' ) ORDER BY id asc  [ RunTime:0.0010s ]
SQL: SELECT * FROM `item` WHERE ( id='124' ) ORDER BY id asc LIMIT 1   [ RunTime:0.0000s ]
SQL: SELECT * FROM `invest` WHERE ( pid='124' ) ORDER BY id asc  [ RunTime:0.0010s ]
SQL: SELECT * FROM `item` WHERE ( id='124' ) ORDER BY id asc LIMIT 1   [ RunTime:0.0010s ]
SQL: SELECT * FROM `invest` WHERE ( pid='124' ) ORDER BY id asc  [ RunTime:0.0000s ]
SQL: SELECT * FROM `item` WHERE ( id='125' ) ORDER BY id asc LIMIT 1   [ RunTime:0.0010s ]
SQL: SELECT * FROM `invest` WHERE ( pid='125' ) ORDER BY id asc  [ RunTime:0.0010s ]
SQL: SELECT * FROM `item` WHERE ( id='125' ) ORDER BY id asc LIMIT 1   [ RunTime:0.0000s ]
SQL: SELECT * FROM `invest` WHERE ( pid='125' ) ORDER BY id asc  [ RunTime:0.0020s ]
SQL: SELECT * FROM `item` WHERE ( id='126' ) ORDER BY id asc LIMIT 1   [ RunTime:0.0010s ]
SQL: SELECT * FROM `invest` WHERE ( pid='126' ) ORDER BY id asc  [ RunTime:0.0010s ]
SQL: SELECT * FROM `item` WHERE ( id='126' ) ORDER BY id asc LIMIT 1   [ RunTime:0.0000s ]
SQL: SELECT * FROM `invest` WHERE ( pid='126' ) ORDER BY id asc  [ RunTime:0.0010s ]
SQL: SELECT * FROM `info` ORDER BY id asc LIMIT 1   [ RunTime:0.0000s ]
SQL: SELECT * FROM `info` ORDER BY id asc LIMIT 1   [ RunTime:0.0010s ]
SQL: SELECT * FROM `info` ORDER BY id asc LIMIT 1   [ RunTime:0.0000s ]
SQL: SELECT * FROM `info` ORDER BY id asc LIMIT 1   [ RunTime:0.0010s ]
SQL: SELECT * FROM `info` ORDER BY id asc LIMIT 1   [ RunTime:0.0000s ]
NOTIC: [8] Undefined index: isApp D:\www\z200218\App\Runtime\Cache\Index\e55bde5ce39913dcc11947949be6ccc0.php 第 211 行.
SQL: SELECT * FROM `info` ORDER BY id asc LIMIT 1   [ RunTime:0.0000s ]
SQL: SELECT * FROM `info` ORDER BY id asc LIMIT 1   [ RunTime:0.0000s ]
SQL: SELECT * FROM `info` ORDER BY id asc LIMIT 1   [ RunTime:0.0000s ]
SQL: SELECT * FROM `info` ORDER BY id asc LIMIT 1   [ RunTime:0.0010s ]
SQL: SELECT * FROM `info` ORDER BY id asc LIMIT 1   [ RunTime:0.0000s ]
INFO: Run Behavior\ParseTemplateBehavior [ RunTime:0.103515s ]
INFO: [ view_parse ] --END-- [ RunTime:0.103515s ]
INFO: [ view_filter ] --START--
INFO: Run Behavior\WriteHtmlCacheBehavior [ RunTime:0.002930s ]
INFO: [ view_filter ] --END-- [ RunTime:0.002930s ]
INFO: [ app_end ] --START--
INFO: Run Behavior\ShowPageTraceBehavior [ RunTime:0.001953s ]
INFO: [ app_end ] --END-- [ RunTime:0.001953s ]

[ 2020-03-11T00:18:32+08:00 ] 223.104.47.217 /mobile/login.html
INFO: [ app_init ] --START--
INFO: Run Behavior\BuildLiteBehavior [ RunTime:0.000000s ]
INFO: [ app_init ] --END-- [ RunTime:0.000977s ]
INFO: [ app_begin ] --START--
INFO: Run Behavior\ReadHtmlCacheBehavior [ RunTime:0.001953s ]
INFO: [ app_begin ] --END-- [ RunTime:0.001953s ]
INFO: [ view_parse ] --START--
INFO: [ template_filter ] --START--
INFO: Run Behavior\ContentReplaceBehavior [ RunTime:0.000000s ]
INFO: [ template_filter ] --END-- [ RunTime:0.000000s ]
INFO: Run Behavior\ParseTemplateBehavior [ RunTime:0.013672s ]
INFO: [ view_parse ] --END-- [ RunTime:0.013672s ]
INFO: [ view_filter ] --START--
INFO: Run Behavior\WriteHtmlCacheBehavior [ RunTime:0.000976s ]
INFO: [ view_filter ] --END-- [ RunTime:0.001953s ]
INFO: [ app_end ] --START--
INFO: Run Behavior\ShowPageTraceBehavior [ RunTime:0.001953s ]
INFO: [ app_end ] --END-- [ RunTime:0.001953s ]

[ 2020-03-11T00:22:06+08:00 ] 183.3.234.48 /mobile/reg/invite/56758
INFO: [ app_init ] --START--
INFO: Run Behavior\BuildLiteBehavior [ RunTime:0.000000s ]
INFO: [ app_init ] --END-- [ RunTime:0.000976s ]
INFO: [ app_begin ] --START--
INFO: Run Behavior\ReadHtmlCacheBehavior [ RunTime:0.001953s ]
INFO: [ app_begin ] --END-- [ RunTime:0.001953s ]
SQL: SHOW COLUMNS FROM `user` [ RunTime:0.0039s ]
SQL: SELECT * FROM `user` WHERE ( id='56758' ) ORDER BY id asc LIMIT 1   [ RunTime:0.0020s ]
INFO: [ view_parse ] --START--
INFO: [ template_filter ] --START--
INFO: Run Behavior\ContentReplaceBehavior [ RunTime:0.000000s ]
INFO: [ template_filter ] --END-- [ RunTime:0.000000s ]
INFO: Run Behavior\ParseTemplateBehavior [ RunTime:0.015625s ]
INFO: [ view_parse ] --END-- [ RunTime:0.015625s ]
INFO: [ view_filter ] --START--
INFO: Run Behavior\WriteHtmlCacheBehavior [ RunTime:0.001953s ]
INFO: [ view_filter ] --END-- [ RunTime:0.001953s ]
INFO: [ app_end ] --START--
INFO: Run Behavior\ShowPageTraceBehavior [ RunTime:0.002930s ]
INFO: [ app_end ] --END-- [ RunTime:0.002930s ]

[ 2020-03-11T00:22:07+08:00 ] 183.3.234.53 /handle/smsRand.html
INFO: [ app_init ] --START--
INFO: Run Behavior\BuildLiteBehavior [ RunTime:0.000000s ]
INFO: [ app_init ] --END-- [ RunTime:0.000976s ]
INFO: [ app_begin ] --START--
INFO: Run Behavior\ReadHtmlCacheBehavior [ RunTime:0.001953s ]
INFO: [ app_begin ] --END-- [ RunTime:0.001953s ]

